This is pdfTeX, Version 3.141592653-2.6-1.40.24 (MiKTeX 21.12) (preloaded format=pdflatex 2022.3.8)  13 OCT 2023 22:07
entering extended mode
 restricted \write18 enabled.
 %&-line parsing enabled.
**./Academic_CV.tex
(Academic_CV.tex
LaTeX2e <2021-11-15> patch level 1
L3 programming layer <2021-11-22>
(C:\Users\rdsan\AppData\Local\Programs\MiKTeX\tex/latex/base\article.cls
Document Class: article 2021/10/04 v1.4n Standard LaTeX document class
(C:\Users\rdsan\AppData\Local\Programs\MiKTeX\tex/latex/base\size11.clo
File: size11.clo 2021/10/04 v1.4n Standard LaTeX file (size option)
)
\c@part=\count183
\c@section=\count184
\c@subsection=\count185
\c@subsubsection=\count186
\c@paragraph=\count187
\c@subparagraph=\count188
\c@figure=\count189
\c@table=\count190
\abovecaptionskip=\skip47
\belowcaptionskip=\skip48
\bibindent=\dimen138
)
(C:\Users\rdsan\AppData\Local\Programs\MiKTeX\tex/latex/tools\calc.sty
Package: calc 2017/05/25 v4.3 Infix arithmetic (KKT,FJ)
\calc@Acount=\count191
\calc@Bcount=\count192
\calc@Adimen=\dimen139
\calc@Bdimen=\dimen140
\calc@Askip=\skip49
\calc@Bskip=\skip50
LaTeX Info: Redefining \setlength on input line 80.
LaTeX Info: Redefining \addtolength on input line 81.
\calc@Ccount=\count193
\calc@Cskip=\skip51
)
(C:\Users\rdsan\AppData\Local\Programs\MiKTeX\tex/latex/comment\comment.sty
\CommentStream=\write3

Excluding comment 'comment')
(C:\Users\rdsan\AppData\Local\Programs\MiKTeX\tex/generic/babel\babel.sty
Package: babel 2021/11/29 3.67 The Babel package
\babel@savecnt=\count194
\U@D=\dimen141
\l@unhyphenated=\language79

(C:\Users\rdsan\AppData\Local\Programs\MiKTeX\tex/generic/babel\txtbabel.def)
\bbl@readstream=\read2
\bbl@dirlevel=\count195

*************************************
* Local config file bblopts.cfg used
*
(C:\Users\rdsan\AppData\Local\Programs\MiKTeX\tex/latex/arabi\bblopts.cfg
File: bblopts.cfg 2005/09/08 v0.1 add Arabic and Farsi to "declared" options of
 babel
)
(C:\Users\rdsan\AppData\Local\Programs\MiKTeX\tex/latex/babel-portuges\brazilia
n.ldf
Language: portuges 2021/07/09 v1.2t Portuguese support from the babel system
Package babel Info: Hyphen rules for 'brazilian' set to \l@portuguese
(babel)             (\language56). Reported on input line 111.
Package babel Info: Making " an active character on input line 143.
))
(C:\Users\rdsan\AppData\Local\Programs\MiKTeX\tex/latex/base\inputenc.sty
Package: inputenc 2021/02/14 v1.3d Input encoding file
\inpenc@prehook=\toks16
\inpenc@posthook=\toks17
)
(C:\Users\rdsan\AppData\Local\Programs\MiKTeX\tex/latex/base\fontenc.sty
Package: fontenc 2021/04/29 v2.0v Standard LaTeX package
)
(C:\Users\rdsan\AppData\Local\Programs\MiKTeX\tex/latex/graphics\graphicx.sty
Package: graphicx 2021/09/16 v1.2d Enhanced LaTeX Graphics (DPC,SPQR)

(C:\Users\rdsan\AppData\Local\Programs\MiKTeX\tex/latex/graphics\keyval.sty
Package: keyval 2014/10/28 v1.15 key=value parser (DPC)
\KV@toks@=\toks18
)
(C:\Users\rdsan\AppData\Local\Programs\MiKTeX\tex/latex/graphics\graphics.sty
Package: graphics 2021/03/04 v1.4d Standard LaTeX Graphics (DPC,SPQR)

(C:\Users\rdsan\AppData\Local\Programs\MiKTeX\tex/latex/graphics\trig.sty
Package: trig 2021/08/11 v1.11 sin cos tan (DPC)
)
(C:\Users\rdsan\AppData\Local\Programs\MiKTeX\tex/latex/graphics-cfg\graphics.c
fg
File: graphics.cfg 2016/06/04 v1.11 sample graphics configuration
)
Package graphics Info: Driver file: pdftex.def on input line 107.

(C:\Users\rdsan\AppData\Local\Programs\MiKTeX\tex/latex/graphics-def\pdftex.def
File: pdftex.def 2020/10/05 v1.2a Graphics/color driver for pdftex
))
\Gin@req@height=\dimen142
\Gin@req@width=\dimen143
)
(C:\Users\rdsan\AppData\Local\Programs\MiKTeX\tex/latex/epstopdf-pkg\epstopdf.s
ty
Package: epstopdf 2020-01-24 v2.11 Conversion with epstopdf on the fly (HO)

(C:\Users\rdsan\AppData\Local\Programs\MiKTeX\tex/generic/infwarerr\infwarerr.s
ty
Package: infwarerr 2019/12/03 v1.5 Providing info/warning/error messages (HO)
) (C:\Users\rdsan\AppData\Local\Programs\MiKTeX\tex/latex/grfext\grfext.sty
Package: grfext 2019/12/03 v1.3 Manage graphics extensions (HO)

(C:\Users\rdsan\AppData\Local\Programs\MiKTeX\tex/generic/kvdefinekeys\kvdefine
keys.sty
Package: kvdefinekeys 2019-12-19 v1.6 Define keys (HO)
))
(C:\Users\rdsan\AppData\Local\Programs\MiKTeX\tex/latex/kvoptions\kvoptions.sty
Package: kvoptions 2020-10-07 v3.14 Key value format for package options (HO)
(C:\Users\rdsan\AppData\Local\Programs\MiKTeX\tex/generic/ltxcmds\ltxcmds.sty
Package: ltxcmds 2020-05-10 v1.25 LaTeX kernel commands for general use (HO)
)
(C:\Users\rdsan\AppData\Local\Programs\MiKTeX\tex/generic/kvsetkeys\kvsetkeys.s
ty
Package: kvsetkeys 2019/12/15 v1.18 Key value parser (HO)
))
(C:\Users\rdsan\AppData\Local\Programs\MiKTeX\tex/generic/pdftexcmds\pdftexcmds
.sty
Package: pdftexcmds 2020-06-27 v0.33 Utility functions of pdfTeX for LuaTeX (HO
)
 (C:\Users\rdsan\AppData\Local\Programs\MiKTeX\tex/generic/iftex\iftex.sty
Package: iftex 2020/03/06 v1.0d TeX engine tests
)
Package pdftexcmds Info: \pdf@primitive is available.
Package pdftexcmds Info: \pdf@ifprimitive is available.
Package pdftexcmds Info: \pdfdraftmode found.
)
(C:\Users\rdsan\AppData\Local\Programs\MiKTeX\tex/latex/epstopdf-pkg\epstopdf-b
ase.sty
Package: epstopdf-base 2020-01-24 v2.11 Base part for package epstopdf
Package epstopdf-base Info: Redefining graphics rule for `.eps' on input line 4
85.
Package grfext Info: Graphics extension search list:
(grfext)             [.pdf,.png,.jpg,.mps,.jpeg,.jbig2,.jb2,.PDF,.PNG,.JPG,.JPE
G,.JBIG2,.JB2,.eps]
(grfext)             \AppendGraphicsExtensions on input line 504.

(C:\Users\rdsan\AppData\Local\Programs\MiKTeX\tex/latex/00miktex\epstopdf-sys.c
fg
File: epstopdf-sys.cfg 2021/03/18 v2.0 Configuration of epstopdf for MiKTeX
)))
(C:\Users\rdsan\AppData\Local\Programs\MiKTeX\tex/latex/graphics\epsfig.sty
Package: epsfig 2017/06/25 v1.7b (e)psfig emulation (SPQR)
\epsfxsize=\dimen144
\epsfysize=\dimen145
)
(C:\Users\rdsan\AppData\Local\Programs\MiKTeX\tex/latex/float\float.sty
Package: float 2001/11/08 v1.3d Float enhancements (AL)
\c@float@type=\count196
\float@exts=\toks19
\float@box=\box50
\@float@everytoks=\toks20
\@floatcapt=\box51
)
(C:\Users\rdsan\AppData\Local\Programs\MiKTeX\tex/latex/csquotes\csquotes.sty
Package: csquotes 2022-09-14 v5.2n context-sensitive quotations (JAW)

(C:\Users\rdsan\AppData\Local\Programs\MiKTeX\tex/latex/etoolbox\etoolbox.sty
Package: etoolbox 2020/10/05 v2.5k e-TeX tools for LaTeX (JAW)
\etb@tempcnta=\count197
)
\csq@reset=\count198
\csq@gtype=\count199
\csq@glevel=\count266
\csq@qlevel=\count267
\csq@maxlvl=\count268
\csq@tshold=\count269
\csq@ltx@everypar=\toks21

(C:\Users\rdsan\AppData\Local\Programs\MiKTeX\tex/latex/csquotes\csquotes.def
File: csquotes.def 2022-09-14 v5.2n csquotes generic definitions (JAW)
)
Package csquotes Info: Trying to load configuration file 'csquotes.cfg'...
Package csquotes Info: ... configuration file loaded successfully.

(C:\Users\rdsan\AppData\Local\Programs\MiKTeX\tex/latex/csquotes\csquotes.cfg
File: csquotes.cfg 
)) (C:\Users\rdsan\AppData\Local\Programs\MiKTeX\tex/latex/tools\tabularx.sty
Package: tabularx 2020/01/15 v2.11c `tabularx' package (DPC)

(C:\Users\rdsan\AppData\Local\Programs\MiKTeX\tex/latex/tools\array.sty
Package: array 2021/10/04 v2.5f Tabular extension package (FMi)
\col@sep=\dimen146
\ar@mcellbox=\box52
\extrarowheight=\dimen147
\NC@list=\toks22
\extratabsurround=\skip52
\backup@length=\skip53
\ar@cellbox=\box53
)
\TX@col@width=\dimen148
\TX@old@table=\dimen149
\TX@old@col=\dimen150
\TX@target=\dimen151
\TX@delta=\dimen152
\TX@cols=\count270
\TX@ftn=\toks23
)
Package csquotes Info: Allocating character ".

(C:\Users\rdsan\AppData\Local\Programs\MiKTeX\tex/latex/fontawesome5\fontawesom
e5.sty
(C:\Users\rdsan\AppData\Local\Programs\MiKTeX\tex/latex/l3kernel\expl3.sty
Package: expl3 2021-11-22 L3 programming layer (loader) 

(C:\Users\rdsan\AppData\Local\Programs\MiKTeX\tex/latex/l3backend\l3backend-pdf
tex.def
File: l3backend-pdftex.def 2021-10-18 L3 backend support: PDF output (pdfTeX)
\l__color_backend_stack_int=\count271
\l__pdf_internal_box=\box54
))
Package: fontawesome5 2022/05/02 v5.15.4 Font Awesome 5

(C:\Users\rdsan\AppData\Local\Programs\MiKTeX\tex/latex/l3packages/l3keys2e\l3k
eys2e.sty
Package: l3keys2e 2021-11-12 LaTeX2e option processing using LaTeX3 keys
)
(C:\Users\rdsan\AppData\Local\Programs\MiKTeX\tex/latex/l3packages/xparse\xpars
e.sty
Package: xparse 2021-11-12 L3 Experimental document command parser
)
(C:\Users\rdsan\AppData\Local\Programs\MiKTeX\tex/latex/fontawesome5\fontawesom
e5-generic-helper.sty
Package: fontawesome5-generic-helper 2022/05/02 v5.15.4 non-uTeX helper for fon
tawesome5

(C:\Users\rdsan\AppData\Local\Programs\MiKTeX\tex/latex/fontawesome5\fontawesom
e5-mapping.def)))
\bibhang=\skip54
\bibsep=\skip55

(C:\Users\rdsan\AppData\Local\Programs\MiKTeX\tex/latex/geometry\geometry.sty
Package: geometry 2020/01/02 v5.9 Page Geometry

(C:\Users\rdsan\AppData\Local\Programs\MiKTeX\tex/generic/iftex\ifvtex.sty
Package: ifvtex 2019/10/25 v1.7 ifvtex legacy package. Use iftex instead.
)
\Gm@cnth=\count272
\Gm@cntv=\count273
\c@Gm@tempcnt=\count274
\Gm@bindingoffset=\dimen153
\Gm@wd@mp=\dimen154
\Gm@odd@mp=\dimen155
\Gm@even@mp=\dimen156
\Gm@layoutwidth=\dimen157
\Gm@layoutheight=\dimen158
\Gm@layouthoffset=\dimen159
\Gm@layoutvoffset=\dimen160
\Gm@dimlist=\toks24

(C:\Users\rdsan\AppData\Local\Programs\MiKTeX\tex/latex/geometry\geometry.cfg))
(C:\Users\rdsan\AppData\Local\Programs\MiKTeX\tex/latex/enumitem\enumitem.sty
Package: enumitem 2019/06/20 v3.9 Customized lists
\labelindent=\skip56
\enit@outerparindent=\dimen161
\enit@toks=\toks25
\enit@inbox=\box55
\enit@count@id=\count275
\enitdp@description=\count276
)
(C:\Users\rdsan\AppData\Local\Programs\MiKTeX\tex/latex/fancyhdr\fancyhdr.sty
Package: fancyhdr 2022/11/09 v4.1 Extensive control of page headers and footers

\f@nch@headwidth=\skip57
\f@nch@O@elh=\skip58
\f@nch@O@erh=\skip59
\f@nch@O@olh=\skip60
\f@nch@O@orh=\skip61
\f@nch@O@elf=\skip62
\f@nch@O@erf=\skip63
\f@nch@O@olf=\skip64
\f@nch@O@orf=\skip65
)
(C:\Users\rdsan\AppData\Local\Programs\MiKTeX\tex/latex/lastpage\lastpage.sty
Package: lastpage 2023/10/06 v2.0d lastpage: 2.09 or 2e? (HMM)

(C:\Users\rdsan\AppData\Local\Programs\MiKTeX\tex/latex/lastpage\lastpage2e.sty
Package: lastpage2e 2023/10/06 v2.0d Decide which 2e lastpage version to use (H
MM)

(C:\Users\rdsan\AppData\Local\Programs\MiKTeX\tex/latex/lastpage\lastpageclassi
c.sty
Package: lastpageclassic 2023/10/06 v2.0d Refers to last page's name (HMM; JPG)

) 
))
\footpageshift=\skip66
 (C:\Users\rdsan\AppData\Local\Programs\MiKTeX\tex/latex/graphics\color.sty
Package: color 2021/10/11 v1.3b Standard LaTeX Color (DPC)

(C:\Users\rdsan\AppData\Local\Programs\MiKTeX\tex/latex/graphics-cfg\color.cfg
File: color.cfg 2016/01/02 v1.6 sample color configuration
)
Package color Info: Driver file: pdftex.def on input line 149.
) (C:\Users\rdsan\AppData\Local\Programs\MiKTeX\tex/latex/hyperref\hyperref.sty
Package: hyperref 2021-06-07 v7.00m Hypertext links for LaTeX

(C:\Users\rdsan\AppData\Local\Programs\MiKTeX\tex/generic/pdfescape\pdfescape.s
ty
Package: pdfescape 2019/12/09 v1.15 Implements pdfTeX's escape features (HO)
) (C:\Users\rdsan\AppData\Local\Programs\MiKTeX\tex/latex/hycolor\hycolor.sty
Package: hycolor 2020-01-27 v1.10 Color options for hyperref/bookmark (HO)
)
(C:\Users\rdsan\AppData\Local\Programs\MiKTeX\tex/latex/letltxmacro\letltxmacro
.sty
Package: letltxmacro 2019/12/03 v1.6 Let assignment for LaTeX macros (HO)
)
(C:\Users\rdsan\AppData\Local\Programs\MiKTeX\tex/latex/auxhook\auxhook.sty
Package: auxhook 2019-12-17 v1.6 Hooks for auxiliary files (HO)
)
\@linkdim=\dimen162
\Hy@linkcounter=\count277
\Hy@pagecounter=\count278

(C:\Users\rdsan\AppData\Local\Programs\MiKTeX\tex/latex/hyperref\pd1enc.def
File: pd1enc.def 2021-06-07 v7.00m Hyperref: PDFDocEncoding definition (HO)
Now handling font encoding PD1 ...
... no UTF-8 mapping file for font encoding PD1
)
(C:\Users\rdsan\AppData\Local\Programs\MiKTeX\tex/latex/hyperref\hyperref-langp
atches.def
File: hyperref-langpatches.def 2021-06-07 v7.00m Hyperref: patches for babel la
nguages
)
(C:\Users\rdsan\AppData\Local\Programs\MiKTeX\tex/generic/intcalc\intcalc.sty
Package: intcalc 2019/12/15 v1.3 Expandable calculations with integers (HO)
)
(C:\Users\rdsan\AppData\Local\Programs\MiKTeX\tex/generic/etexcmds\etexcmds.sty
Package: etexcmds 2019/12/15 v1.7 Avoid name clashes with e-TeX commands (HO)
)
\Hy@SavedSpaceFactor=\count279
 (C:\Users\rdsan\AppData\Local\Programs\MiKTeX\tex/latex/hyperref\puenc.def
File: puenc.def 2021-06-07 v7.00m Hyperref: PDF Unicode definition (HO)
Now handling font encoding PU ...
... no UTF-8 mapping file for font encoding PU
)
Package hyperref Info: Hyper figures OFF on input line 4192.
Package hyperref Info: Link nesting OFF on input line 4197.
Package hyperref Info: Hyper index ON on input line 4200.
Package hyperref Info: Plain pages OFF on input line 4207.
Package hyperref Info: Backreferencing OFF on input line 4212.
Package hyperref Info: Implicit mode ON; LaTeX internals redefined.
Package hyperref Info: Bookmarks ON on input line 4445.
\c@Hy@tempcnt=\count280

(C:\Users\rdsan\AppData\Local\Programs\MiKTeX\tex/latex/url\url.sty
\Urlmuskip=\muskip16
Package: url 2013/09/16  ver 3.4  Verb mode for urls, etc.
)
LaTeX Info: Redefining \url on input line 4804.
\XeTeXLinkMargin=\dimen163

(C:\Users\rdsan\AppData\Local\Programs\MiKTeX\tex/generic/bitset\bitset.sty
Package: bitset 2019/12/09 v1.3 Handle bit-vector datatype (HO)

(C:\Users\rdsan\AppData\Local\Programs\MiKTeX\tex/generic/bigintcalc\bigintcalc
.sty
Package: bigintcalc 2019/12/15 v1.5 Expandable calculations on big integers (HO
)
))
\Fld@menulength=\count281
\Field@Width=\dimen164
\Fld@charsize=\dimen165
Package hyperref Info: Hyper figures OFF on input line 6076.
Package hyperref Info: Link nesting OFF on input line 6081.
Package hyperref Info: Hyper index ON on input line 6084.
Package hyperref Info: backreferencing OFF on input line 6091.
Package hyperref Info: Link coloring OFF on input line 6096.
Package hyperref Info: Link coloring with OCG OFF on input line 6101.
Package hyperref Info: PDF/A mode OFF on input line 6106.
LaTeX Info: Redefining \ref on input line 6146.
LaTeX Info: Redefining \pageref on input line 6150.

(C:\Users\rdsan\AppData\Local\Programs\MiKTeX\tex/latex/base\atbegshi-ltx.sty
Package: atbegshi-ltx 2021/01/10 v1.0c Emulation of the original atbegshi
package with kernel methods
)
\Hy@abspage=\count282
\c@Item=\count283
\c@Hfootnote=\count284
)
Package hyperref Info: Driver (autodetected): hpdftex.
(C:\Users\rdsan\AppData\Local\Programs\MiKTeX\tex/latex/hyperref\hpdftex.def
File: hpdftex.def 2021-06-07 v7.00m Hyperref driver for pdfTeX

(C:\Users\rdsan\AppData\Local\Programs\MiKTeX\tex/latex/base\atveryend-ltx.sty
Package: atveryend-ltx 2020/08/19 v1.0a Emulation of the original atveryend pac
kage
with kernel methods
)
\Fld@listcount=\count285
\c@bookmark@seq@number=\count286

(C:\Users\rdsan\AppData\Local\Programs\MiKTeX\tex/latex/rerunfilecheck\rerunfil
echeck.sty
Package: rerunfilecheck 2019/12/05 v1.9 Rerun checks for auxiliary files (HO)

(C:\Users\rdsan\AppData\Local\Programs\MiKTeX\tex/generic/uniquecounter\uniquec
ounter.sty
Package: uniquecounter 2019/12/15 v1.4 Provide unlimited unique counter (HO)
)
Package uniquecounter Info: New unique counter `rerunfilecheck' on input line 2
86.
)
\Hy@SectionHShift=\skip67
)
Package hyperref Info: Option `colorlinks' set `true' on input line 138.
Package hyperref Info: Option `breaklinks' set `true' on input line 138.
Package csquotes Info: Checking for multilingual support...
Package csquotes Info: ... found 'babel' package.
Package csquotes Info: Adjusting default style.
Package csquotes Info: Redefining alias 'default' -> 'brazilian'.
 (Academic_CV.aux)
\openout1 = `Academic_CV.aux'.

LaTeX Font Info:    Checking defaults for OML/cmm/m/it on input line 251.
LaTeX Font Info:    ... okay on input line 251.
LaTeX Font Info:    Checking defaults for OMS/cmsy/m/n on input line 251.
LaTeX Font Info:    ... okay on input line 251.
LaTeX Font Info:    Checking defaults for OT1/cmr/m/n on input line 251.
LaTeX Font Info:    ... okay on input line 251.
LaTeX Font Info:    Checking defaults for T1/cmr/m/n on input line 251.
LaTeX Font Info:    ... okay on input line 251.
LaTeX Font Info:    Checking defaults for TS1/cmr/m/n on input line 251.
LaTeX Font Info:    ... okay on input line 251.
LaTeX Font Info:    Checking defaults for OMX/cmex/m/n on input line 251.
LaTeX Font Info:    ... okay on input line 251.
LaTeX Font Info:    Checking defaults for U/cmr/m/n on input line 251.
LaTeX Font Info:    ... okay on input line 251.
LaTeX Font Info:    Checking defaults for PD1/pdf/m/n on input line 251.
LaTeX Font Info:    ... okay on input line 251.
LaTeX Font Info:    Checking defaults for PU/pdf/m/n on input line 251.
LaTeX Font Info:    ... okay on input line 251.

(C:\Users\rdsan\AppData\Local\Programs\MiKTeX\tex/context/base/mkii\supp-pdf.mk
ii
[Loading MPS to PDF converter (version 2006.09.02).]
\scratchcounter=\count287
\scratchdimen=\dimen166
\scratchbox=\box56
\nofMPsegments=\count288
\nofMParguments=\count289
\everyMPshowfont=\toks26
\MPscratchCnt=\count290
\MPscratchDim=\dimen167
\MPnumerator=\count291
\makeMPintoPDFobject=\count292
\everyMPtoPDFconversion=\toks27
)
Package csquotes Info: Redefining character " on input line 251.

*geometry* driver: auto-detecting
*geometry* detected driver: pdftex
*geometry* verbose mode - [ preamble ] result:
* driver: pdftex
* paper: a4paper
* layout: <same size as paper>
* layoutoffset:(h,v)=(0.0pt,0.0pt)
* modes: includemp 
* h-part:(L,W,R)=(42.67912pt, 512.14963pt, 42.67912pt)
* v-part:(T,H,B)=(42.67912pt, 759.6886pt, 42.67912pt)
* \paperwidth=597.50787pt
* \paperheight=845.04684pt
* \textwidth=449.55359pt
* \textheight=759.6886pt
* \oddsidemargin=33.00517pt
* \evensidemargin=33.00517pt
* \topmargin=-66.59087pt
* \headheight=12.0pt
* \headsep=25.0pt
* \topskip=11.0pt
* \footskip=30.0pt
* \marginparwidth=58.32814pt
* \marginparsep=4.2679pt
* \columnsep=10.0pt
* \skip\footins=10.0pt plus 4.0pt minus 2.0pt
* \hoffset=0.0pt
* \voffset=0.0pt
* \mag=1000
* \@twocolumnfalse
* \@twosidefalse
* \@mparswitchfalse
* \@reversemargintrue
* (1in=72.27pt=25.4mm, 1cm=28.453pt)

Package hyperref Info: Link coloring ON on input line 251.
(C:\Users\rdsan\AppData\Local\Programs\MiKTeX\tex/latex/hyperref\nameref.sty
Package: nameref 2021-04-02 v2.47 Cross-referencing by name of section

(C:\Users\rdsan\AppData\Local\Programs\MiKTeX\tex/latex/refcount\refcount.sty
Package: refcount 2019/12/15 v3.6 Data extraction from label references (HO)
)
(C:\Users\rdsan\AppData\Local\Programs\MiKTeX\tex/generic/gettitlestring\gettit
lestring.sty
Package: gettitlestring 2019/12/15 v1.6 Cleanup title references (HO)
)
\c@section@level=\count293
)
LaTeX Info: Redefining \ref on input line 251.
LaTeX Info: Redefining \pageref on input line 251.
LaTeX Info: Redefining \nameref on input line 251.
 (Academic_CV.out) (Academic_CV.out)
\@outlinefile=\write4
\openout4 = `Academic_CV.out'.

LaTeX Font Info:    Trying to load font information for U+fontawesomefree1 on i
nput line 252.

(C:\Users\rdsan\AppData\Local\Programs\MiKTeX\tex/latex/fontawesome5\ufontaweso
mefree1.fd)
LaTeX Font Info:    Trying to load font information for U+fontawesomefree2 on i
nput line 252.

(C:\Users\rdsan\AppData\Local\Programs\MiKTeX\tex/latex/fontawesome5\ufontaweso
mefree2.fd)
LaTeX Font Info:    Trying to load font information for U+fontawesomebrands0 on
 input line 252.

(C:\Users\rdsan\AppData\Local\Programs\MiKTeX\tex/latex/fontawesome5\ufontaweso
mebrands0.fd)
LaTeX Font Info:    Font shape `U/fontawesomebrands0/solid/n' in size <12> not 
available
(Font)              Font shape `U/fontawesomebrands0/regular/n' tried instead o
n input line 252.

Overfull \hbox (4.52405pt too wide) in paragraph at lines 309--309
\T1/cmr/m/sc/10.95 Ex-pe-ri-ence  
 []


Overfull \hbox (11.11525pt too wide) in paragraph at lines 339--339
\T1/cmr/m/sc/10.95 Em-ploy-ment  
 []


Underfull \hbox (badness 10000) in paragraph at lines 353--358

 []

[1

{C:/Users/rdsan/AppData/Local/MiKTeX/fonts/map/pdftex/pdftex.map}]
Underfull \hbox (badness 10000) in paragraph at lines 362--367

 []


Overfull \hbox (9.33041pt too wide) in paragraph at lines 370--370
[]\T1/cmr/m/sc/10.95 Fellowships 
 []


Overfull \hbox (6.02414pt too wide) in paragraph at lines 381--381
[]\T1/cmr/m/sc/10.95 References  
 []

LaTeX Font Info:    External font `cmex10' loaded for size
(Font)              <10.95> on input line 387.
LaTeX Font Info:    External font `cmex10' loaded for size
(Font)              <8> on input line 387.
LaTeX Font Info:    External font `cmex10' loaded for size
(Font)              <6> on input line 387.

Overfull \hbox (32.48909pt too wide) in paragraph at lines 386--402
[]  [] 
 []


Overfull \hbox (8.88101pt too wide) in paragraph at lines 404--404
[]\T1/cmr/m/sc/10.95 Department 
 []


Overfull \hbox (1.34706pt too wide) in paragraph at lines 416--416
[]\T1/cmr/m/sc/10.95 Languages  
 []


AED: lastpage setting LastPage
[2] (Academic_CV.aux)
Package rerunfilecheck Info: File `Academic_CV.out' has not changed.
(rerunfilecheck)             Checksum: 1CE9D606FAB61DB4897D68CB1F464569;1201.
 ) 
Here is how much of TeX's memory you used:
 15073 strings out of 478659
 265074 string characters out of 2845921
 581774 words of memory out of 3000000
 32965 multiletter control sequences out of 15000+600000
 414198 words of font info for 49 fonts, out of 8000000 for 9000
 1141 hyphenation exceptions out of 8191
 60i,10n,63p,1180b,523s stack positions out of 5000i,500n,10000p,200000b,80000s
 <C:\Users\rdsan\AppData\Local\MiKTeX\fonts/pk/ljfour/jknappen/ec/dpi600\ecrm
0800.pk> <C:\Users\rdsan\AppData\Local\MiKTeX\fonts/pk/ljfour/jknappen/ec/dpi60
0\ecrm1000.pk> <C:\Users\rdsan\AppData\Local\MiKTeX\fonts/pk/ljfour/jknappen/ec
/dpi600\ecti1095.pk> <C:\Users\rdsan\AppData\Local\MiKTeX\fonts/pk/ljfour/jknap
pen/ec/dpi600\ecrm1095.pk> <C:\Users\rdsan\AppData\Local\MiKTeX\fonts/pk/ljfour
/jknappen/ec/dpi600\ecbx1095.pk> <C:\Users\rdsan\AppData\Local\MiKTeX\fonts/pk/
ljfour/jknappen/ec/dpi600\eccc1095.pk>{C:/Users/rdsan/AppData/Local/Programs/Mi
KTeX/fonts/enc/dvips/fontawesome5/fa5brands0.enc}{C:/Users/rdsan/AppData/Local/
Programs/MiKTeX/fonts/enc/dvips/fontawesome5/fa5free2.enc}{C:/Users/rdsan/AppDa
ta/Local/Programs/MiKTeX/fonts/enc/dvips/fontawesome5/fa5free1.enc} <C:\Users\r
dsan\AppData\Local\MiKTeX\fonts/pk/ljfour/jknappen/ec/dpi600\ecrm1200.pk> <C:\U
sers\rdsan\AppData\Local\MiKTeX\fonts/pk/ljfour/jknappen/ec/dpi600\ecbx1440.pk>
<C:/Users/rdsan/AppData/Local/Programs/MiKTeX/fonts/type1/public/fontawesome5/F
ontAwesome5Brands-Regular.pfb><C:/Users/rdsan/AppData/Local/Programs/MiKTeX/fon
ts/type1/public/fontawesome5/FontAwesome5Free-Solid.pfb>
Output written on Academic_CV.pdf (2 pages, 155059 bytes).
PDF statistics:
 397 PDF objects out of 1000 (max. 8388607)
 13 named destinations out of 1000 (max. 500000)
 81 words of extra memory for PDF output out of 10000 (max. 10000000)

